2019-10-10 15:16:56 [31merror[39m: uncaughtException: callback is not defined
ReferenceError: callback is not defined
    at Query.<anonymous> (C:\test_node\routes\index.js:16:5)
    at Query.<anonymous> (C:\test_node\node_modules\mysql\lib\Connection.js:525:10)
    at Query._callback (C:\test_node\node_modules\mysql\lib\Connection.js:491:16)
    at Query.Sequence.end (C:\test_node\node_modules\mysql\lib\protocol\sequences\Sequence.js:83:24)
    at Query._handleFinalResultPacket (C:\test_node\node_modules\mysql\lib\protocol\sequences\Query.js:139:8)
    at Query.EofPacket (C:\test_node\node_modules\mysql\lib\protocol\sequences\Query.js:123:8)
    at Protocol._parsePacket (C:\test_node\node_modules\mysql\lib\protocol\Protocol.js:291:23)
    at Parser._parsePacket (C:\test_node\node_modules\mysql\lib\protocol\Parser.js:433:10)
    at Parser.write (C:\test_node\node_modules\mysql\lib\protocol\Parser.js:43:10)
    at Protocol.write (C:\test_node\node_modules\mysql\lib\protocol\Protocol.js:38:16)
2019-10-10 15:18:55 [31merror[39m: uncaughtException: callback is not defined
ReferenceError: callback is not defined
    at Query.<anonymous> (C:\test_node\routes\index.js:16:5)
    at Query.<anonymous> (C:\test_node\node_modules\mysql\lib\Connection.js:525:10)
    at Query._callback (C:\test_node\node_modules\mysql\lib\Connection.js:491:16)
    at Query.Sequence.end (C:\test_node\node_modules\mysql\lib\protocol\sequences\Sequence.js:83:24)
    at Query._handleFinalResultPacket (C:\test_node\node_modules\mysql\lib\protocol\sequences\Query.js:139:8)
    at Query.EofPacket (C:\test_node\node_modules\mysql\lib\protocol\sequences\Query.js:123:8)
    at Protocol._parsePacket (C:\test_node\node_modules\mysql\lib\protocol\Protocol.js:291:23)
    at Parser._parsePacket (C:\test_node\node_modules\mysql\lib\protocol\Parser.js:433:10)
    at Parser.write (C:\test_node\node_modules\mysql\lib\protocol\Parser.js:43:10)
    at Protocol.write (C:\test_node\node_modules\mysql\lib\protocol\Protocol.js:38:16)
2019-10-10 15:20:56 [31merror[39m: uncaughtException: callback is not defined
ReferenceError: callback is not defined
    at Query.<anonymous> (C:\test_node\routes\index.js:16:5)
    at Query.<anonymous> (C:\test_node\node_modules\mysql\lib\Connection.js:525:10)
    at Query._callback (C:\test_node\node_modules\mysql\lib\Connection.js:491:16)
    at Query.Sequence.end (C:\test_node\node_modules\mysql\lib\protocol\sequences\Sequence.js:83:24)
    at Query._handleFinalResultPacket (C:\test_node\node_modules\mysql\lib\protocol\sequences\Query.js:139:8)
    at Query.EofPacket (C:\test_node\node_modules\mysql\lib\protocol\sequences\Query.js:123:8)
    at Protocol._parsePacket (C:\test_node\node_modules\mysql\lib\protocol\Protocol.js:291:23)
    at Parser._parsePacket (C:\test_node\node_modules\mysql\lib\protocol\Parser.js:433:10)
    at Parser.write (C:\test_node\node_modules\mysql\lib\protocol\Parser.js:43:10)
    at Protocol.write (C:\test_node\node_modules\mysql\lib\protocol\Protocol.js:38:16)
2019-10-10 15:23:57 [31merror[39m: uncaughtException: callback is not defined
ReferenceError: callback is not defined
    at Query.<anonymous> (C:\test_node\routes\index.js:16:5)
    at Query.<anonymous> (C:\test_node\node_modules\mysql\lib\Connection.js:525:10)
    at Query._callback (C:\test_node\node_modules\mysql\lib\Connection.js:491:16)
    at Query.Sequence.end (C:\test_node\node_modules\mysql\lib\protocol\sequences\Sequence.js:83:24)
    at Query._handleFinalResultPacket (C:\test_node\node_modules\mysql\lib\protocol\sequences\Query.js:139:8)
    at Query.EofPacket (C:\test_node\node_modules\mysql\lib\protocol\sequences\Query.js:123:8)
    at Protocol._parsePacket (C:\test_node\node_modules\mysql\lib\protocol\Protocol.js:291:23)
    at Parser._parsePacket (C:\test_node\node_modules\mysql\lib\protocol\Parser.js:433:10)
    at Parser.write (C:\test_node\node_modules\mysql\lib\protocol\Parser.js:43:10)
    at Protocol.write (C:\test_node\node_modules\mysql\lib\protocol\Protocol.js:38:16)
2019-10-10 15:25:57 [31merror[39m: uncaughtException: callback is not defined
ReferenceError: callback is not defined
    at Query.<anonymous> (C:\test_node\routes\index.js:16:5)
    at Query.<anonymous> (C:\test_node\node_modules\mysql\lib\Connection.js:525:10)
    at Query._callback (C:\test_node\node_modules\mysql\lib\Connection.js:491:16)
    at Query.Sequence.end (C:\test_node\node_modules\mysql\lib\protocol\sequences\Sequence.js:83:24)
    at Query._handleFinalResultPacket (C:\test_node\node_modules\mysql\lib\protocol\sequences\Query.js:139:8)
    at Query.EofPacket (C:\test_node\node_modules\mysql\lib\protocol\sequences\Query.js:123:8)
    at Protocol._parsePacket (C:\test_node\node_modules\mysql\lib\protocol\Protocol.js:291:23)
    at Parser._parsePacket (C:\test_node\node_modules\mysql\lib\protocol\Parser.js:433:10)
    at Parser.write (C:\test_node\node_modules\mysql\lib\protocol\Parser.js:43:10)
    at Protocol.write (C:\test_node\node_modules\mysql\lib\protocol\Protocol.js:38:16)
2019-10-10 15:33:51 [31merror[39m: uncaughtException: res.status is not a function
TypeError: res.status is not a function
    at Query.<anonymous> (C:\test_node\routes\index.js:24:16)
    at Query.<anonymous> (C:\test_node\node_modules\mysql\lib\Connection.js:525:10)
    at Query._callback (C:\test_node\node_modules\mysql\lib\Connection.js:491:16)
    at Query.Sequence.end (C:\test_node\node_modules\mysql\lib\protocol\sequences\Sequence.js:83:24)
    at Query._handleFinalResultPacket (C:\test_node\node_modules\mysql\lib\protocol\sequences\Query.js:139:8)
    at Query.EofPacket (C:\test_node\node_modules\mysql\lib\protocol\sequences\Query.js:123:8)
    at Protocol._parsePacket (C:\test_node\node_modules\mysql\lib\protocol\Protocol.js:291:23)
    at Parser._parsePacket (C:\test_node\node_modules\mysql\lib\protocol\Parser.js:433:10)
    at Parser.write (C:\test_node\node_modules\mysql\lib\protocol\Parser.js:43:10)
    at Protocol.write (C:\test_node\node_modules\mysql\lib\protocol\Protocol.js:38:16)
2019-10-10 15:33:53 [31merror[39m: uncaughtException: res.status is not a function
TypeError: res.status is not a function
    at Query.<anonymous> (C:\test_node\routes\index.js:24:16)
    at Query.<anonymous> (C:\test_node\node_modules\mysql\lib\Connection.js:525:10)
    at Query._callback (C:\test_node\node_modules\mysql\lib\Connection.js:491:16)
    at Query.Sequence.end (C:\test_node\node_modules\mysql\lib\protocol\sequences\Sequence.js:83:24)
    at Query._handleFinalResultPacket (C:\test_node\node_modules\mysql\lib\protocol\sequences\Query.js:139:8)
    at Query.EofPacket (C:\test_node\node_modules\mysql\lib\protocol\sequences\Query.js:123:8)
    at Protocol._parsePacket (C:\test_node\node_modules\mysql\lib\protocol\Protocol.js:291:23)
    at Parser._parsePacket (C:\test_node\node_modules\mysql\lib\protocol\Parser.js:433:10)
    at Parser.write (C:\test_node\node_modules\mysql\lib\protocol\Parser.js:43:10)
    at Protocol.write (C:\test_node\node_modules\mysql\lib\protocol\Protocol.js:38:16)
2019-10-10 15:35:23 [31merror[39m: uncaughtException: res.status is not a function
TypeError: res.status is not a function
    at Query.<anonymous> (C:\test_node\routes\index.js:24:16)
    at Query.<anonymous> (C:\test_node\node_modules\mysql\lib\Connection.js:525:10)
    at Query._callback (C:\test_node\node_modules\mysql\lib\Connection.js:491:16)
    at Query.Sequence.end (C:\test_node\node_modules\mysql\lib\protocol\sequences\Sequence.js:83:24)
    at Query._handleFinalResultPacket (C:\test_node\node_modules\mysql\lib\protocol\sequences\Query.js:139:8)
    at Query.EofPacket (C:\test_node\node_modules\mysql\lib\protocol\sequences\Query.js:123:8)
    at Protocol._parsePacket (C:\test_node\node_modules\mysql\lib\protocol\Protocol.js:291:23)
    at Parser._parsePacket (C:\test_node\node_modules\mysql\lib\protocol\Parser.js:433:10)
    at Parser.write (C:\test_node\node_modules\mysql\lib\protocol\Parser.js:43:10)
    at Protocol.write (C:\test_node\node_modules\mysql\lib\protocol\Protocol.js:38:16)
2019-10-10 15:36:49 [31merror[39m: uncaughtException: res.status is not a function
TypeError: res.status is not a function
    at Query.<anonymous> (C:\test_node\routes\index.js:24:16)
    at Query.<anonymous> (C:\test_node\node_modules\mysql\lib\Connection.js:525:10)
    at Query._callback (C:\test_node\node_modules\mysql\lib\Connection.js:491:16)
    at Query.Sequence.end (C:\test_node\node_modules\mysql\lib\protocol\sequences\Sequence.js:83:24)
    at Query._handleFinalResultPacket (C:\test_node\node_modules\mysql\lib\protocol\sequences\Query.js:139:8)
    at Query.EofPacket (C:\test_node\node_modules\mysql\lib\protocol\sequences\Query.js:123:8)
    at Protocol._parsePacket (C:\test_node\node_modules\mysql\lib\protocol\Protocol.js:291:23)
    at Parser._parsePacket (C:\test_node\node_modules\mysql\lib\protocol\Parser.js:433:10)
    at Parser.write (C:\test_node\node_modules\mysql\lib\protocol\Parser.js:43:10)
    at Protocol.write (C:\test_node\node_modules\mysql\lib\protocol\Protocol.js:38:16)
2019-10-10 17:00:00 [31merror[39m: uncaughtException: val.slice is not a function
TypeError: val.slice is not a function
    at escapeString (C:\test_node\node_modules\sqlstring\lib\SqlString.js:202:23)
    at Object.escape (C:\test_node\node_modules\sqlstring\lib\SqlString.js:56:21)
    at Object.format (C:\test_node\node_modules\sqlstring\lib\SqlString.js:100:19)
    at PoolConnection.Connection.format (C:\test_node\node_modules\mysql\lib\Connection.js:274:20)
    at PoolConnection.query (C:\test_node\node_modules\mysql\lib\Connection.js:192:22)
    at C:\test_node\node_modules\mysql\lib\Pool.js:214:10
    at Handshake.onConnect (C:\test_node\node_modules\mysql\lib\Pool.js:64:7)
    at Handshake.<anonymous> (C:\test_node\node_modules\mysql\lib\Connection.js:525:10)
    at Handshake._callback (C:\test_node\node_modules\mysql\lib\Connection.js:491:16)
    at Handshake.Sequence.end (C:\test_node\node_modules\mysql\lib\protocol\sequences\Sequence.js:83:24)
2019-10-10 17:04:40 [31merror[39m: uncaughtException: val.slice is not a function
TypeError: val.slice is not a function
    at escapeString (C:\test_node\node_modules\sqlstring\lib\SqlString.js:202:23)
    at Object.escape (C:\test_node\node_modules\sqlstring\lib\SqlString.js:56:21)
    at Object.format (C:\test_node\node_modules\sqlstring\lib\SqlString.js:100:19)
    at PoolConnection.Connection.format (C:\test_node\node_modules\mysql\lib\Connection.js:274:20)
    at PoolConnection.query (C:\test_node\node_modules\mysql\lib\Connection.js:192:22)
    at C:\test_node\node_modules\mysql\lib\Pool.js:214:10
    at Handshake.onConnect (C:\test_node\node_modules\mysql\lib\Pool.js:64:7)
    at Handshake.<anonymous> (C:\test_node\node_modules\mysql\lib\Connection.js:525:10)
    at Handshake._callback (C:\test_node\node_modules\mysql\lib\Connection.js:491:16)
    at Handshake.Sequence.end (C:\test_node\node_modules\mysql\lib\protocol\sequences\Sequence.js:83:24)
2019-10-10 17:10:03 [31merror[39m: uncaughtException: val.slice is not a function
TypeError: val.slice is not a function
    at escapeString (C:\test_node\node_modules\sqlstring\lib\SqlString.js:202:23)
    at Object.escape (C:\test_node\node_modules\sqlstring\lib\SqlString.js:56:21)
    at Object.format (C:\test_node\node_modules\sqlstring\lib\SqlString.js:100:19)
    at PoolConnection.Connection.format (C:\test_node\node_modules\mysql\lib\Connection.js:274:20)
    at PoolConnection.query (C:\test_node\node_modules\mysql\lib\Connection.js:192:22)
    at C:\test_node\node_modules\mysql\lib\Pool.js:214:10
    at Handshake.onConnect (C:\test_node\node_modules\mysql\lib\Pool.js:64:7)
    at Handshake.<anonymous> (C:\test_node\node_modules\mysql\lib\Connection.js:525:10)
    at Handshake._callback (C:\test_node\node_modules\mysql\lib\Connection.js:491:16)
    at Handshake.Sequence.end (C:\test_node\node_modules\mysql\lib\protocol\sequences\Sequence.js:83:24)
2019-10-10 17:12:02 [31merror[39m: uncaughtException: result is not defined
ReferenceError: result is not defined
    at main.get (C:\test_node\routes\index.js:20:11)
    at Query.<anonymous> (C:\test_node\models\main.js:14:12)
    at Query.<anonymous> (C:\test_node\node_modules\mysql\lib\Connection.js:525:10)
    at Query._callback (C:\test_node\node_modules\mysql\lib\Connection.js:491:16)
    at Query.Sequence.end (C:\test_node\node_modules\mysql\lib\protocol\sequences\Sequence.js:83:24)
    at Query._handleFinalResultPacket (C:\test_node\node_modules\mysql\lib\protocol\sequences\Query.js:139:8)
    at Query.EofPacket (C:\test_node\node_modules\mysql\lib\protocol\sequences\Query.js:123:8)
    at Protocol._parsePacket (C:\test_node\node_modules\mysql\lib\protocol\Protocol.js:291:23)
    at Parser._parsePacket (C:\test_node\node_modules\mysql\lib\protocol\Parser.js:433:10)
    at Parser.write (C:\test_node\node_modules\mysql\lib\protocol\Parser.js:43:10)
